<?xml version="1.0" encoding="UTF-8"?>
<coverage generated="1617028664440" clover="3.2.0">
  <project timestamp="1617028664440" name="All files">
    <metrics statements="148" coveredstatements="91" conditionals="45" coveredconditionals="37" methods="54" coveredmethods="40" elements="247" coveredelements="168" complexity="0" loc="148" ncloc="148" packages="4" files="8" classes="8"/>
    <package name="assets">
      <metrics statements="1" coveredstatements="1" conditionals="0" coveredconditionals="0" methods="0" coveredmethods="0"/>
      <file name="recycle-leaf.png" path="C:\Users\Sadiy\OneDrive\Documents\rn-classifier-app\src\assets\recycle-leaf.png">
        <metrics statements="1" coveredstatements="1" conditionals="0" coveredconditionals="0" methods="0" coveredmethods="0"/>
        <line num="1" count="4" type="stmt"/>
      </file>
    </package>
    <package name="containers.screens">
      <metrics statements="145" coveredstatements="88" conditionals="45" coveredconditionals="37" methods="54" coveredmethods="40"/>
      <file name="ClassifierScreen.js" path="C:\Users\Sadiy\OneDrive\Documents\rn-classifier-app\src\containers\screens\ClassifierScreen.js">
        <metrics statements="66" coveredstatements="23" conditionals="26" coveredconditionals="18" methods="16" coveredmethods="8"/>
        <line num="16" count="11" type="stmt"/>
        <line num="27" count="11" type="stmt"/>
        <line num="28" count="11" type="stmt"/>
        <line num="29" count="11" type="stmt"/>
        <line num="32" count="11" type="stmt"/>
        <line num="33" count="11" type="stmt"/>
        <line num="34" count="10" type="stmt"/>
        <line num="36" count="0" type="stmt"/>
        <line num="37" count="0" type="stmt"/>
        <line num="38" count="0" type="stmt"/>
        <line num="42" count="11" type="stmt"/>
        <line num="43" count="0" type="cond" truecount="0" falsecount="2"/>
        <line num="44" count="0" type="stmt"/>
        <line num="45" count="0" type="cond" truecount="0" falsecount="2"/>
        <line num="46" count="0" type="stmt"/>
        <line num="52" count="11" type="stmt"/>
        <line num="53" count="1" type="stmt"/>
        <line num="54" count="1" type="stmt"/>
        <line num="55" count="1" type="stmt"/>
        <line num="60" count="0" type="stmt"/>
        <line num="61" count="0" type="stmt"/>
        <line num="62" count="0" type="stmt"/>
        <line num="63" count="0" type="stmt"/>
        <line num="65" count="1" type="stmt"/>
        <line num="66" count="1" type="stmt"/>
        <line num="72" count="6" type="stmt"/>
        <line num="73" count="5" type="stmt"/>
        <line num="74" count="6" type="stmt"/>
        <line num="80" count="0" type="stmt"/>
        <line num="82" count="0" type="stmt"/>
        <line num="83" count="0" type="stmt"/>
        <line num="84" count="0" type="stmt"/>
        <line num="85" count="0" type="stmt"/>
        <line num="91" count="0" type="stmt"/>
        <line num="93" count="0" type="stmt"/>
        <line num="95" count="0" type="stmt"/>
        <line num="101" count="0" type="stmt"/>
        <line num="102" count="0" type="stmt"/>
        <line num="103" count="0" type="stmt"/>
        <line num="104" count="0" type="stmt"/>
        <line num="105" count="0" type="stmt"/>
        <line num="106" count="0" type="stmt"/>
        <line num="107" count="0" type="stmt"/>
        <line num="108" count="0" type="stmt"/>
        <line num="109" count="0" type="stmt"/>
        <line num="111" count="0" type="stmt"/>
        <line num="112" count="0" type="stmt"/>
        <line num="116" count="11" type="stmt"/>
        <line num="117" count="0" type="stmt"/>
        <line num="118" count="0" type="stmt"/>
        <line num="123" count="0" type="cond" truecount="0" falsecount="2"/>
        <line num="124" count="0" type="stmt"/>
        <line num="125" count="0" type="stmt"/>
        <line num="128" count="0" type="stmt"/>
        <line num="131" count="0" type="stmt"/>
        <line num="132" count="0" type="stmt"/>
        <line num="138" count="0" type="stmt"/>
        <line num="139" count="0" type="stmt"/>
        <line num="140" count="0" type="stmt"/>
        <line num="145" count="11" type="stmt"/>
        <line num="146" count="1" type="stmt"/>
        <line num="150" count="30" type="stmt"/>
        <line num="152" count="30" type="stmt"/>
        <line num="205" count="0" type="stmt"/>
        <line num="206" count="0" type="stmt"/>
        <line num="214" count="1" type="stmt"/>
      </file>
      <file name="ProfileScreen.js" path="C:\Users\Sadiy\OneDrive\Documents\rn-classifier-app\src\containers\screens\ProfileScreen.js">
        <metrics statements="11" coveredstatements="9" conditionals="0" coveredconditionals="0" methods="8" coveredmethods="6"/>
        <line num="12" count="6" type="stmt"/>
        <line num="13" count="6" type="stmt"/>
        <line num="19" count="6" type="stmt"/>
        <line num="20" count="1" type="stmt"/>
        <line num="21" count="1" type="stmt"/>
        <line num="23" count="0" type="stmt"/>
        <line num="27" count="6" type="stmt"/>
        <line num="32" count="6" type="stmt"/>
        <line num="52" count="1" type="stmt"/>
        <line num="55" count="1" type="stmt"/>
        <line num="56" count="0" type="stmt"/>
      </file>
      <file name="ResetPasswordScreen.js" path="C:\Users\Sadiy\OneDrive\Documents\rn-classifier-app\src\containers\screens\ResetPasswordScreen.js">
        <metrics statements="11" coveredstatements="10" conditionals="2" coveredconditionals="2" methods="6" coveredmethods="5"/>
        <line num="13" count="4" type="stmt"/>
        <line num="14" count="4" type="stmt"/>
        <line num="20" count="4" type="stmt"/>
        <line num="21" count="2" type="cond" truecount="2" falsecount="0"/>
        <line num="22" count="1" type="stmt"/>
        <line num="24" count="1" type="stmt"/>
        <line num="26" count="1" type="stmt"/>
        <line num="27" count="1" type="stmt"/>
        <line num="29" count="0" type="stmt"/>
        <line num="35" count="6" type="stmt"/>
        <line num="47" count="1" type="stmt"/>
      </file>
      <file name="SignInScreen.js" path="C:\Users\Sadiy\OneDrive\Documents\rn-classifier-app\src\containers\screens\SignInScreen.js">
        <metrics statements="26" coveredstatements="22" conditionals="6" coveredconditionals="6" methods="12" coveredmethods="10"/>
        <line num="12" count="10" type="stmt"/>
        <line num="13" count="10" type="stmt"/>
        <line num="22" count="10" type="stmt"/>
        <line num="23" count="6" type="stmt"/>
        <line num="24" count="6" type="stmt"/>
        <line num="25" count="6" type="stmt"/>
        <line num="30" count="10" type="stmt"/>
        <line num="31" count="5" type="cond" truecount="4" falsecount="0"/>
        <line num="32" count="3" type="stmt"/>
        <line num="34" count="2" type="stmt"/>
        <line num="36" count="2" type="stmt"/>
        <line num="38" count="2" type="stmt"/>
        <line num="39" count="2" type="stmt"/>
        <line num="40" count="2" type="stmt"/>
        <line num="44" count="0" type="stmt"/>
        <line num="45" count="0" type="stmt"/>
        <line num="46" count="0" type="stmt"/>
        <line num="54" count="20" type="cond" truecount="2" falsecount="0"/>
        <line num="55" count="2" type="stmt"/>
        <line num="63" count="18" type="stmt"/>
        <line num="77" count="3" type="stmt"/>
        <line num="85" count="3" type="stmt"/>
        <line num="90" count="5" type="stmt"/>
        <line num="91" count="0" type="stmt"/>
        <line num="93" count="1" type="stmt"/>
        <line num="96" count="1" type="stmt"/>
      </file>
      <file name="SignUpScreen.js" path="C:\Users\Sadiy\OneDrive\Documents\rn-classifier-app\src\containers\screens\SignUpScreen.js">
        <metrics statements="31" coveredstatements="24" conditionals="11" coveredconditionals="11" methods="12" coveredmethods="11"/>
        <line num="12" count="16" type="stmt"/>
        <line num="13" count="16" type="stmt"/>
        <line num="23" count="16" type="stmt"/>
        <line num="24" count="24" type="stmt"/>
        <line num="25" count="24" type="stmt"/>
        <line num="26" count="24" type="stmt"/>
        <line num="31" count="16" type="stmt"/>
        <line num="33" count="11" type="cond" truecount="5" falsecount="0"/>
        <line num="34" count="6" type="stmt"/>
        <line num="36" count="5" type="cond" truecount="4" falsecount="0"/>
        <line num="37" count="2" type="stmt"/>
        <line num="40" count="3" type="stmt"/>
        <line num="42" count="3" type="stmt"/>
        <line num="44" count="3" type="stmt"/>
        <line num="45" count="0" type="stmt"/>
        <line num="46" count="0" type="stmt"/>
        <line num="47" count="0" type="stmt"/>
        <line num="49" count="0" type="stmt"/>
        <line num="50" count="0" type="stmt"/>
        <line num="52" count="3" type="stmt"/>
        <line num="53" count="3" type="stmt"/>
        <line num="54" count="0" type="stmt"/>
        <line num="62" count="46" type="cond" truecount="2" falsecount="0"/>
        <line num="63" count="3" type="stmt"/>
        <line num="70" count="43" type="stmt"/>
        <line num="84" count="8" type="stmt"/>
        <line num="92" count="8" type="stmt"/>
        <line num="100" count="8" type="stmt"/>
        <line num="105" count="11" type="stmt"/>
        <line num="106" count="0" type="stmt"/>
        <line num="108" count="1" type="stmt"/>
      </file>
    </package>
    <package name="database">
      <metrics statements="2" coveredstatements="2" conditionals="0" coveredconditionals="0" methods="0" coveredmethods="0"/>
      <file name="Firebase.js" path="C:\Users\Sadiy\OneDrive\Documents\rn-classifier-app\src\database\Firebase.js">
        <metrics statements="2" coveredstatements="2" conditionals="0" coveredconditionals="0" methods="0" coveredmethods="0"/>
        <line num="7" count="4" type="stmt"/>
        <line num="17" count="4" type="stmt"/>
      </file>
    </package>
    <package name="styles">
      <metrics statements="0" coveredstatements="0" conditionals="0" coveredconditionals="0" methods="0" coveredmethods="0"/>
      <file name="stylesheet.js" path="C:\Users\Sadiy\OneDrive\Documents\rn-classifier-app\src\styles\stylesheet.js">
        <metrics statements="0" coveredstatements="0" conditionals="0" coveredconditionals="0" methods="0" coveredmethods="0"/>
      </file>
    </package>
  </project>
</coverage>
