{"C:\\Users\\Sadiy\\OneDrive\\Documents\\rn-classifier-app\\src\\assets\\recycle-leaf.png": {"path":"C:\\Users\\Sadiy\\OneDrive\\Documents\\rn-classifier-app\\src\\assets\\recycle-leaf.png","statementMap":{"0":{"start":{"line":1,"column":0},"end":{"line":1,"column":19}}},"fnMap":{},"branchMap":{},"s":{"0":4},"f":{},"b":{},"inputSourceMap":null,"_coverageSchema":"1a1c01bbd47fc00a2c39e90264f33305004495a9","hash":"9001c49e95094fd52c3475c87663e88e00e657d6"}
,"C:\\Users\\Sadiy\\OneDrive\\Documents\\rn-classifier-app\\src\\containers\\screens\\ClassifierScreen.js": {"path":"C:\\Users\\Sadiy\\OneDrive\\Documents\\rn-classifier-app\\src\\containers\\screens\\ClassifierScreen.js","statementMap":{"0":{"start":{"line":16,"column":12},"end":{"line":22,"column":5}},"1":{"start":{"line":27,"column":8},"end":{"line":27,"column":24}},"2":{"start":{"line":28,"column":8},"end":{"line":28,"column":42}},"3":{"start":{"line":29,"column":8},"end":{"line":29,"column":68}},"4":{"start":{"line":32,"column":26},"end":{"line":32,"column":73}},"5":{"start":{"line":33,"column":28},"end":{"line":33,"column":84}},"6":{"start":{"line":34,"column":8},"end":{"line":34,"column":94}},"7":{"start":{"line":36,"column":8},"end":{"line":36,"column":39}},"8":{"start":{"line":37,"column":8},"end":{"line":37,"column":45}},"9":{"start":{"line":38,"column":8},"end":{"line":38,"column":33}},"10":{"start":{"line":42,"column":25},"end":{"line":49,"column":5}},"11":{"start":{"line":43,"column":8},"end":{"line":48,"column":11}},"12":{"start":{"line":44,"column":31},"end":{"line":44,"column":80}},"13":{"start":{"line":45,"column":12},"end":{"line":47,"column":13}},"14":{"start":{"line":46,"column":16},"end":{"line":46,"column":85}},"15":{"start":{"line":52,"column":20},"end":{"line":68,"column":5}},"16":{"start":{"line":53,"column":8},"end":{"line":67,"column":9}},"17":{"start":{"line":54,"column":33},"end":{"line":54,"column":75}},"18":{"start":{"line":55,"column":27},"end":{"line":57,"column":14}},"19":{"start":{"line":60,"column":30},"end":{"line":60,"column":75}},"20":{"start":{"line":61,"column":30},"end":{"line":61,"column":66}},"21":{"start":{"line":62,"column":32},"end":{"line":62,"column":75}},"22":{"start":{"line":63,"column":12},"end":{"line":63,"column":43}},"23":{"start":{"line":65,"column":12},"end":{"line":65,"column":30}},"24":{"start":{"line":66,"column":12},"end":{"line":66,"column":75}},"25":{"start":{"line":72,"column":8},"end":{"line":74,"column":37}},"26":{"start":{"line":72,"column":41},"end":{"line":72,"column":60}},"27":{"start":{"line":73,"column":38},"end":{"line":73,"column":49}},"28":{"start":{"line":74,"column":31},"end":{"line":74,"column":35}},"29":{"start":{"line":80,"column":24},"end":{"line":80,"column":84}},"30":{"start":{"line":82,"column":31},"end":{"line":82,"column":78}},"31":{"start":{"line":83,"column":8},"end":{"line":83,"column":37}},"32":{"start":{"line":84,"column":8},"end":{"line":84,"column":38}},"33":{"start":{"line":85,"column":8},"end":{"line":85,"column":48}},"34":{"start":{"line":91,"column":28},"end":{"line":91,"column":68}},"35":{"start":{"line":93,"column":29},"end":{"line":93,"column":54}},"36":{"start":{"line":95,"column":8},"end":{"line":95,"column":76}},"37":{"start":{"line":101,"column":30},"end":{"line":101,"column":34}},"38":{"start":{"line":102,"column":40},"end":{"line":102,"column":80}},"39":{"start":{"line":103,"column":23},"end":{"line":103,"column":57}},"40":{"start":{"line":104,"column":21},"end":{"line":104,"column":22}},"41":{"start":{"line":105,"column":8},"end":{"line":110,"column":9}},"42":{"start":{"line":105,"column":21},"end":{"line":105,"column":22}},"43":{"start":{"line":106,"column":12},"end":{"line":106,"column":36}},"44":{"start":{"line":107,"column":12},"end":{"line":107,"column":44}},"45":{"start":{"line":108,"column":12},"end":{"line":108,"column":44}},"46":{"start":{"line":109,"column":12},"end":{"line":109,"column":23}},"47":{"start":{"line":111,"column":23},"end":{"line":111,"column":62}},"48":{"start":{"line":112,"column":8},"end":{"line":112,"column":40}},"49":{"start":{"line":116,"column":17},"end":{"line":134,"column":5}},"50":{"start":{"line":117,"column":8},"end":{"line":133,"column":9}},"51":{"start":{"line":118,"column":25},"end":{"line":121,"column":14}},"52":{"start":{"line":123,"column":12},"end":{"line":129,"column":13}},"53":{"start":{"line":124,"column":31},"end":{"line":124,"column":50}},"54":{"start":{"line":125,"column":16},"end":{"line":127,"column":19}},"55":{"start":{"line":128,"column":16},"end":{"line":128,"column":36}},"56":{"start":{"line":131,"column":12},"end":{"line":131,"column":30}},"57":{"start":{"line":132,"column":12},"end":{"line":132,"column":83}},"58":{"start":{"line":138,"column":8},"end":{"line":138,"column":43}},"59":{"start":{"line":139,"column":8},"end":{"line":139,"column":38}},"60":{"start":{"line":140,"column":8},"end":{"line":140,"column":36}},"61":{"start":{"line":145,"column":29},"end":{"line":147,"column":5}},"62":{"start":{"line":146,"column":8},"end":{"line":146,"column":87}},"63":{"start":{"line":150,"column":87},"end":{"line":150,"column":97}},"64":{"start":{"line":152,"column":8},"end":{"line":210,"column":9}},"65":{"start":{"line":205,"column":46},"end":{"line":205,"column":66}},"66":{"start":{"line":206,"column":58},"end":{"line":206,"column":78}},"67":{"start":{"line":214,"column":15},"end":{"line":299,"column":2}}},"fnMap":{"0":{"name":"(anonymous_0)","decl":{"start":{"line":25,"column":4},"end":{"line":25,"column":5}},"loc":{"start":{"line":25,"column":30},"end":{"line":39,"column":5}},"line":25},"1":{"name":"(anonymous_1)","decl":{"start":{"line":42,"column":25},"end":{"line":42,"column":26}},"loc":{"start":{"line":42,"column":37},"end":{"line":49,"column":5}},"line":42},"2":{"name":"(anonymous_2)","decl":{"start":{"line":52,"column":20},"end":{"line":52,"column":21}},"loc":{"start":{"line":52,"column":32},"end":{"line":68,"column":5}},"line":52},"3":{"name":"(anonymous_3)","decl":{"start":{"line":71,"column":4},"end":{"line":71,"column":5}},"loc":{"start":{"line":71,"column":25},"end":{"line":75,"column":5}},"line":71},"4":{"name":"(anonymous_4)","decl":{"start":{"line":72,"column":24},"end":{"line":72,"column":25}},"loc":{"start":{"line":72,"column":41},"end":{"line":72,"column":60}},"line":72},"5":{"name":"(anonymous_5)","decl":{"start":{"line":73,"column":18},"end":{"line":73,"column":19}},"loc":{"start":{"line":73,"column":38},"end":{"line":73,"column":49}},"line":73},"6":{"name":"(anonymous_6)","decl":{"start":{"line":74,"column":17},"end":{"line":74,"column":18}},"loc":{"start":{"line":74,"column":31},"end":{"line":74,"column":35}},"line":74},"7":{"name":"(anonymous_7)","decl":{"start":{"line":78,"column":4},"end":{"line":78,"column":5}},"loc":{"start":{"line":78,"column":30},"end":{"line":86,"column":5}},"line":78},"8":{"name":"(anonymous_8)","decl":{"start":{"line":90,"column":4},"end":{"line":90,"column":5}},"loc":{"start":{"line":90,"column":21},"end":{"line":96,"column":5}},"line":90},"9":{"name":"(anonymous_9)","decl":{"start":{"line":100,"column":4},"end":{"line":100,"column":5}},"loc":{"start":{"line":100,"column":39},"end":{"line":113,"column":5}},"line":100},"10":{"name":"(anonymous_10)","decl":{"start":{"line":116,"column":17},"end":{"line":116,"column":18}},"loc":{"start":{"line":116,"column":29},"end":{"line":134,"column":5}},"line":116},"11":{"name":"(anonymous_11)","decl":{"start":{"line":137,"column":4},"end":{"line":137,"column":5}},"loc":{"start":{"line":137,"column":24},"end":{"line":141,"column":5}},"line":137},"12":{"name":"(anonymous_12)","decl":{"start":{"line":145,"column":29},"end":{"line":145,"column":30}},"loc":{"start":{"line":145,"column":34},"end":{"line":147,"column":5}},"line":145},"13":{"name":"(anonymous_13)","decl":{"start":{"line":149,"column":4},"end":{"line":149,"column":5}},"loc":{"start":{"line":149,"column":13},"end":{"line":211,"column":5}},"line":149},"14":{"name":"(anonymous_14)","decl":{"start":{"line":205,"column":39},"end":{"line":205,"column":40}},"loc":{"start":{"line":205,"column":46},"end":{"line":205,"column":66}},"line":205},"15":{"name":"(anonymous_15)","decl":{"start":{"line":206,"column":51},"end":{"line":206,"column":52}},"loc":{"start":{"line":206,"column":58},"end":{"line":206,"column":78}},"line":206}},"branchMap":{"0":{"loc":{"start":{"line":43,"column":8},"end":{"line":48,"column":11}},"type":"if","locations":[{"start":{"line":43,"column":8},"end":{"line":48,"column":11}},{"start":{"line":43,"column":8},"end":{"line":48,"column":11}}],"line":43},"1":{"loc":{"start":{"line":45,"column":12},"end":{"line":47,"column":13}},"type":"if","locations":[{"start":{"line":45,"column":12},"end":{"line":47,"column":13}},{"start":{"line":45,"column":12},"end":{"line":47,"column":13}}],"line":45},"2":{"loc":{"start":{"line":123,"column":12},"end":{"line":129,"column":13}},"type":"if","locations":[{"start":{"line":123,"column":12},"end":{"line":129,"column":13}},{"start":{"line":123,"column":12},"end":{"line":129,"column":13}}],"line":123},"3":{"loc":{"start":{"line":164,"column":25},"end":{"line":164,"column":85}},"type":"cond-expr","locations":[{"start":{"line":164,"column":40},"end":{"line":164,"column":55}},{"start":{"line":164,"column":58},"end":{"line":164,"column":85}}],"line":164},"4":{"loc":{"start":{"line":166,"column":17},"end":{"line":166,"column":80}},"type":"binary-expr","locations":[{"start":{"line":166,"column":17},"end":{"line":166,"column":22}},{"start":{"line":166,"column":26},"end":{"line":166,"column":80}}],"line":166},"5":{"loc":{"start":{"line":168,"column":17},"end":{"line":171,"column":30}},"type":"cond-expr","locations":[{"start":{"line":169,"column":17},"end":{"line":170,"column":77}},{"start":{"line":171,"column":21},"end":{"line":171,"column":30}}],"line":168},"6":{"loc":{"start":{"line":173,"column":17},"end":{"line":175,"column":17}},"type":"binary-expr","locations":[{"start":{"line":173,"column":17},"end":{"line":173,"column":29}},{"start":{"line":173,"column":33},"end":{"line":173,"column":39}},{"start":{"line":174,"column":20},"end":{"line":174,"column":109}}],"line":173},"7":{"loc":{"start":{"line":181,"column":17},"end":{"line":184,"column":17}},"type":"binary-expr","locations":[{"start":{"line":181,"column":17},"end":{"line":181,"column":23}},{"start":{"line":182,"column":20},"end":{"line":183,"column":66}}],"line":181},"8":{"loc":{"start":{"line":186,"column":17},"end":{"line":190,"column":17}},"type":"binary-expr","locations":[{"start":{"line":186,"column":17},"end":{"line":186,"column":29}},{"start":{"line":186,"column":33},"end":{"line":186,"column":38}},{"start":{"line":187,"column":19},"end":{"line":189,"column":27}}],"line":186},"9":{"loc":{"start":{"line":188,"column":39},"end":{"line":188,"column":108}},"type":"cond-expr","locations":[{"start":{"line":188,"column":53},"end":{"line":188,"column":55}},{"start":{"line":188,"column":58},"end":{"line":188,"column":108}}],"line":188},"10":{"loc":{"start":{"line":192,"column":17},"end":{"line":201,"column":23}},"type":"binary-expr","locations":[{"start":{"line":192,"column":17},"end":{"line":192,"column":29}},{"start":{"line":193,"column":16},"end":{"line":193,"column":27}},{"start":{"line":194,"column":16},"end":{"line":194,"column":23}},{"start":{"line":195,"column":16},"end":{"line":201,"column":23}}],"line":192}},"s":{"0":11,"1":11,"2":11,"3":11,"4":11,"5":11,"6":10,"7":0,"8":0,"9":0,"10":11,"11":0,"12":0,"13":0,"14":0,"15":11,"16":1,"17":1,"18":1,"19":0,"20":0,"21":0,"22":0,"23":1,"24":1,"25":1,"26":6,"27":5,"28":6,"29":0,"30":0,"31":0,"32":0,"33":0,"34":0,"35":0,"36":0,"37":0,"38":0,"39":0,"40":0,"41":0,"42":0,"43":0,"44":0,"45":0,"46":0,"47":0,"48":0,"49":11,"50":0,"51":0,"52":0,"53":0,"54":0,"55":0,"56":0,"57":0,"58":0,"59":0,"60":0,"61":11,"62":1,"63":30,"64":30,"65":0,"66":0,"67":1},"f":{"0":11,"1":0,"2":1,"3":1,"4":6,"5":5,"6":6,"7":0,"8":0,"9":0,"10":0,"11":0,"12":1,"13":30,"14":0,"15":0},"b":{"0":[0,0],"1":[0,0],"2":[0,0],"3":[15,15],"4":[30,2],"5":[15,15],"6":[30,15,13],"7":[30,28],"8":[30,15,2],"9":[2,0],"10":[30,15,15,0]},"_coverageSchema":"1a1c01bbd47fc00a2c39e90264f33305004495a9","hash":"be1c2a0b7228a3a0a8832389742142caa466aea7"}
,"C:\\Users\\Sadiy\\OneDrive\\Documents\\rn-classifier-app\\src\\containers\\screens\\ProfileScreen.js": {"path":"C:\\Users\\Sadiy\\OneDrive\\Documents\\rn-classifier-app\\src\\containers\\screens\\ProfileScreen.js","statementMap":{"0":{"start":{"line":12,"column":4},"end":{"line":12,"column":12}},"1":{"start":{"line":13,"column":4},"end":{"line":15,"column":5}},"2":{"start":{"line":19,"column":19},"end":{"line":24,"column":3}},"3":{"start":{"line":20,"column":4},"end":{"line":23,"column":114}},"4":{"start":{"line":21,"column":6},"end":{"line":21,"column":45}},"5":{"start":{"line":23,"column":20},"end":{"line":23,"column":113}},"6":{"start":{"line":27,"column":4},"end":{"line":31,"column":5}},"7":{"start":{"line":32,"column":4},"end":{"line":60,"column":6}},"8":{"start":{"line":52,"column":94},"end":{"line":52,"column":141}},"9":{"start":{"line":55,"column":72},"end":{"line":55,"column":93}},"10":{"start":{"line":56,"column":59},"end":{"line":56,"column":80}}},"fnMap":{"0":{"name":"(anonymous_0)","decl":{"start":{"line":11,"column":2},"end":{"line":11,"column":3}},"loc":{"start":{"line":11,"column":16},"end":{"line":16,"column":3}},"line":11},"1":{"name":"(anonymous_1)","decl":{"start":{"line":19,"column":19},"end":{"line":19,"column":20}},"loc":{"start":{"line":19,"column":25},"end":{"line":24,"column":3}},"line":19},"2":{"name":"(anonymous_2)","decl":{"start":{"line":20,"column":35},"end":{"line":20,"column":36}},"loc":{"start":{"line":20,"column":41},"end":{"line":22,"column":5}},"line":20},"3":{"name":"(anonymous_3)","decl":{"start":{"line":23,"column":11},"end":{"line":23,"column":12}},"loc":{"start":{"line":23,"column":20},"end":{"line":23,"column":113}},"line":23},"4":{"name":"(anonymous_4)","decl":{"start":{"line":26,"column":2},"end":{"line":26,"column":3}},"loc":{"start":{"line":26,"column":11},"end":{"line":61,"column":3}},"line":26},"5":{"name":"(anonymous_5)","decl":{"start":{"line":52,"column":88},"end":{"line":52,"column":89}},"loc":{"start":{"line":52,"column":94},"end":{"line":52,"column":141}},"line":52},"6":{"name":"(anonymous_6)","decl":{"start":{"line":55,"column":66},"end":{"line":55,"column":67}},"loc":{"start":{"line":55,"column":72},"end":{"line":55,"column":93}},"line":55},"7":{"name":"(anonymous_7)","decl":{"start":{"line":56,"column":53},"end":{"line":56,"column":54}},"loc":{"start":{"line":56,"column":59},"end":{"line":56,"column":80}},"line":56}},"branchMap":{},"s":{"0":6,"1":6,"2":6,"3":1,"4":1,"5":0,"6":6,"7":6,"8":1,"9":1,"10":0},"f":{"0":6,"1":1,"2":1,"3":0,"4":6,"5":1,"6":1,"7":0},"b":{},"_coverageSchema":"1a1c01bbd47fc00a2c39e90264f33305004495a9","hash":"d296f3fbbfde7b6447064a5d062bac950e8b24fd"}
,"C:\\Users\\Sadiy\\OneDrive\\Documents\\rn-classifier-app\\src\\containers\\screens\\ResetPasswordScreen.js": {"path":"C:\\Users\\Sadiy\\OneDrive\\Documents\\rn-classifier-app\\src\\containers\\screens\\ResetPasswordScreen.js","statementMap":{"0":{"start":{"line":13,"column":8},"end":{"line":13,"column":21}},"1":{"start":{"line":14,"column":8},"end":{"line":16,"column":10}},"2":{"start":{"line":20,"column":27},"end":{"line":32,"column":5}},"3":{"start":{"line":21,"column":8},"end":{"line":31,"column":9}},"4":{"start":{"line":22,"column":12},"end":{"line":22,"column":93}},"5":{"start":{"line":24,"column":12},"end":{"line":30,"column":15}},"6":{"start":{"line":26,"column":16},"end":{"line":26,"column":95}},"7":{"start":{"line":27,"column":16},"end":{"line":27,"column":43}},"8":{"start":{"line":29,"column":16},"end":{"line":29,"column":43}},"9":{"start":{"line":35,"column":8},"end":{"line":59,"column":10}},"10":{"start":{"line":47,"column":46},"end":{"line":47,"column":74}}},"fnMap":{"0":{"name":"(anonymous_0)","decl":{"start":{"line":12,"column":4},"end":{"line":12,"column":5}},"loc":{"start":{"line":12,"column":23},"end":{"line":17,"column":5}},"line":12},"1":{"name":"(anonymous_1)","decl":{"start":{"line":20,"column":27},"end":{"line":20,"column":28}},"loc":{"start":{"line":20,"column":33},"end":{"line":32,"column":5}},"line":20},"2":{"name":"(anonymous_2)","decl":{"start":{"line":25,"column":18},"end":{"line":25,"column":19}},"loc":{"start":{"line":25,"column":24},"end":{"line":28,"column":13}},"line":25},"3":{"name":"(anonymous_3)","decl":{"start":{"line":28,"column":15},"end":{"line":28,"column":16}},"loc":{"start":{"line":28,"column":26},"end":{"line":30,"column":13}},"line":28},"4":{"name":"(anonymous_4)","decl":{"start":{"line":34,"column":4},"end":{"line":34,"column":5}},"loc":{"start":{"line":34,"column":13},"end":{"line":60,"column":5}},"line":34},"5":{"name":"(anonymous_5)","decl":{"start":{"line":47,"column":34},"end":{"line":47,"column":35}},"loc":{"start":{"line":47,"column":44},"end":{"line":47,"column":76}},"line":47}},"branchMap":{"0":{"loc":{"start":{"line":21,"column":8},"end":{"line":31,"column":9}},"type":"if","locations":[{"start":{"line":21,"column":8},"end":{"line":31,"column":9}},{"start":{"line":21,"column":8},"end":{"line":31,"column":9}}],"line":21}},"s":{"0":4,"1":4,"2":4,"3":2,"4":1,"5":1,"6":1,"7":1,"8":0,"9":6,"10":1},"f":{"0":4,"1":2,"2":1,"3":0,"4":6,"5":1},"b":{"0":[1,1]},"_coverageSchema":"1a1c01bbd47fc00a2c39e90264f33305004495a9","hash":"89155c41c251b07f62f823d3ce95e14cc08fc6fc"}
,"C:\\Users\\Sadiy\\OneDrive\\Documents\\rn-classifier-app\\src\\containers\\screens\\SignInScreen.js": {"path":"C:\\Users\\Sadiy\\OneDrive\\Documents\\rn-classifier-app\\src\\containers\\screens\\SignInScreen.js","statementMap":{"0":{"start":{"line":12,"column":4},"end":{"line":12,"column":12}},"1":{"start":{"line":13,"column":4},"end":{"line":17,"column":5}},"2":{"start":{"line":22,"column":16},"end":{"line":26,"column":3}},"3":{"start":{"line":23,"column":18},"end":{"line":23,"column":28}},"4":{"start":{"line":24,"column":4},"end":{"line":24,"column":28}},"5":{"start":{"line":25,"column":4},"end":{"line":25,"column":25}},"6":{"start":{"line":30,"column":18},"end":{"line":50,"column":3}},"7":{"start":{"line":31,"column":4},"end":{"line":49,"column":5}},"8":{"start":{"line":32,"column":6},"end":{"line":32,"column":46}},"9":{"start":{"line":34,"column":6},"end":{"line":34,"column":40}},"10":{"start":{"line":36,"column":6},"end":{"line":48,"column":7}},"11":{"start":{"line":38,"column":8},"end":{"line":38,"column":41}},"12":{"start":{"line":39,"column":8},"end":{"line":39,"column":68}},"13":{"start":{"line":40,"column":8},"end":{"line":40,"column":48}},"14":{"start":{"line":44,"column":10},"end":{"line":44,"column":70}},"15":{"start":{"line":45,"column":10},"end":{"line":45,"column":49}},"16":{"start":{"line":46,"column":10},"end":{"line":46,"column":36}},"17":{"start":{"line":54,"column":4},"end":{"line":60,"column":5}},"18":{"start":{"line":55,"column":6},"end":{"line":59,"column":7}},"19":{"start":{"line":63,"column":4},"end":{"line":101,"column":6}},"20":{"start":{"line":77,"column":37},"end":{"line":77,"column":67}},"21":{"start":{"line":85,"column":37},"end":{"line":85,"column":70}},"22":{"start":{"line":90,"column":67},"end":{"line":90,"column":87}},"23":{"start":{"line":91,"column":63},"end":{"line":91,"column":83}},"24":{"start":{"line":93,"column":89},"end":{"line":93,"column":128}},"25":{"start":{"line":96,"column":97},"end":{"line":96,"column":144}}},"fnMap":{"0":{"name":"(anonymous_0)","decl":{"start":{"line":11,"column":2},"end":{"line":11,"column":3}},"loc":{"start":{"line":11,"column":16},"end":{"line":18,"column":3}},"line":11},"1":{"name":"(anonymous_1)","decl":{"start":{"line":22,"column":16},"end":{"line":22,"column":17}},"loc":{"start":{"line":22,"column":37},"end":{"line":26,"column":3}},"line":22},"2":{"name":"(anonymous_2)","decl":{"start":{"line":30,"column":18},"end":{"line":30,"column":19}},"loc":{"start":{"line":30,"column":24},"end":{"line":50,"column":3}},"line":30},"3":{"name":"(anonymous_3)","decl":{"start":{"line":37,"column":12},"end":{"line":37,"column":13}},"loc":{"start":{"line":37,"column":18},"end":{"line":41,"column":7}},"line":37},"4":{"name":"(anonymous_4)","decl":{"start":{"line":42,"column":13},"end":{"line":42,"column":14}},"loc":{"start":{"line":43,"column":8},"end":{"line":47,"column":9}},"line":43},"5":{"name":"(anonymous_5)","decl":{"start":{"line":52,"column":2},"end":{"line":52,"column":3}},"loc":{"start":{"line":52,"column":11},"end":{"line":102,"column":3}},"line":52},"6":{"name":"(anonymous_6)","decl":{"start":{"line":77,"column":28},"end":{"line":77,"column":29}},"loc":{"start":{"line":77,"column":37},"end":{"line":77,"column":67}},"line":77},"7":{"name":"(anonymous_7)","decl":{"start":{"line":85,"column":28},"end":{"line":85,"column":29}},"loc":{"start":{"line":85,"column":37},"end":{"line":85,"column":70}},"line":85},"8":{"name":"(anonymous_8)","decl":{"start":{"line":90,"column":61},"end":{"line":90,"column":62}},"loc":{"start":{"line":90,"column":67},"end":{"line":90,"column":87}},"line":90},"9":{"name":"(anonymous_9)","decl":{"start":{"line":91,"column":57},"end":{"line":91,"column":58}},"loc":{"start":{"line":91,"column":63},"end":{"line":91,"column":83}},"line":91},"10":{"name":"(anonymous_10)","decl":{"start":{"line":93,"column":83},"end":{"line":93,"column":84}},"loc":{"start":{"line":93,"column":89},"end":{"line":93,"column":128}},"line":93},"11":{"name":"(anonymous_11)","decl":{"start":{"line":96,"column":91},"end":{"line":96,"column":92}},"loc":{"start":{"line":96,"column":97},"end":{"line":96,"column":144}},"line":96}},"branchMap":{"0":{"loc":{"start":{"line":31,"column":4},"end":{"line":49,"column":5}},"type":"if","locations":[{"start":{"line":31,"column":4},"end":{"line":49,"column":5}},{"start":{"line":31,"column":4},"end":{"line":49,"column":5}}],"line":31},"1":{"loc":{"start":{"line":31,"column":7},"end":{"line":31,"column":60}},"type":"binary-expr","locations":[{"start":{"line":31,"column":7},"end":{"line":31,"column":30}},{"start":{"line":31,"column":34},"end":{"line":31,"column":60}}],"line":31},"2":{"loc":{"start":{"line":54,"column":4},"end":{"line":60,"column":5}},"type":"if","locations":[{"start":{"line":54,"column":4},"end":{"line":60,"column":5}},{"start":{"line":54,"column":4},"end":{"line":60,"column":5}}],"line":54}},"s":{"0":10,"1":10,"2":10,"3":6,"4":6,"5":6,"6":10,"7":5,"8":3,"9":2,"10":2,"11":2,"12":2,"13":2,"14":0,"15":0,"16":0,"17":20,"18":2,"19":18,"20":3,"21":3,"22":5,"23":0,"24":1,"25":1},"f":{"0":10,"1":6,"2":5,"3":2,"4":0,"5":20,"6":3,"7":3,"8":5,"9":0,"10":1,"11":1},"b":{"0":[3,2],"1":[5,3],"2":[2,18]},"_coverageSchema":"1a1c01bbd47fc00a2c39e90264f33305004495a9","hash":"bbfabdda69e529c6bf2ffe69fd9487ee8d9e365b"}
,"C:\\Users\\Sadiy\\OneDrive\\Documents\\rn-classifier-app\\src\\containers\\screens\\SignUpScreen.js": {"path":"C:\\Users\\Sadiy\\OneDrive\\Documents\\rn-classifier-app\\src\\containers\\screens\\SignUpScreen.js","statementMap":{"0":{"start":{"line":12,"column":4},"end":{"line":12,"column":12}},"1":{"start":{"line":13,"column":4},"end":{"line":18,"column":5}},"2":{"start":{"line":23,"column":16},"end":{"line":27,"column":3}},"3":{"start":{"line":24,"column":18},"end":{"line":24,"column":28}},"4":{"start":{"line":25,"column":4},"end":{"line":25,"column":28}},"5":{"start":{"line":26,"column":4},"end":{"line":26,"column":25}},"6":{"start":{"line":31,"column":18},"end":{"line":58,"column":3}},"7":{"start":{"line":33,"column":4},"end":{"line":57,"column":5}},"8":{"start":{"line":34,"column":6},"end":{"line":34,"column":46}},"9":{"start":{"line":36,"column":9},"end":{"line":57,"column":5}},"10":{"start":{"line":37,"column":6},"end":{"line":37,"column":80}},"11":{"start":{"line":40,"column":6},"end":{"line":40,"column":40}},"12":{"start":{"line":42,"column":6},"end":{"line":56,"column":7}},"13":{"start":{"line":44,"column":8},"end":{"line":44,"column":71}},"14":{"start":{"line":45,"column":8},"end":{"line":45,"column":33}},"15":{"start":{"line":46,"column":8},"end":{"line":46,"column":52}},"16":{"start":{"line":47,"column":8},"end":{"line":47,"column":85}},"17":{"start":{"line":49,"column":8},"end":{"line":49,"column":47}},"18":{"start":{"line":50,"column":8},"end":{"line":50,"column":42}},"19":{"start":{"line":52,"column":8},"end":{"line":52,"column":85}},"20":{"start":{"line":53,"column":8},"end":{"line":53,"column":47}},"21":{"start":{"line":54,"column":8},"end":{"line":54,"column":34}},"22":{"start":{"line":62,"column":4},"end":{"line":68,"column":5}},"23":{"start":{"line":63,"column":6},"end":{"line":67,"column":7}},"24":{"start":{"line":70,"column":4},"end":{"line":113,"column":6}},"25":{"start":{"line":84,"column":33},"end":{"line":84,"column":69}},"26":{"start":{"line":92,"column":33},"end":{"line":92,"column":63}},"27":{"start":{"line":100,"column":33},"end":{"line":100,"column":66}},"28":{"start":{"line":105,"column":64},"end":{"line":105,"column":84}},"29":{"start":{"line":106,"column":59},"end":{"line":106,"column":79}},"30":{"start":{"line":108,"column":86},"end":{"line":108,"column":125}}},"fnMap":{"0":{"name":"(anonymous_0)","decl":{"start":{"line":11,"column":2},"end":{"line":11,"column":3}},"loc":{"start":{"line":11,"column":16},"end":{"line":19,"column":3}},"line":11},"1":{"name":"(anonymous_1)","decl":{"start":{"line":23,"column":16},"end":{"line":23,"column":17}},"loc":{"start":{"line":23,"column":37},"end":{"line":27,"column":3}},"line":23},"2":{"name":"(anonymous_2)","decl":{"start":{"line":31,"column":18},"end":{"line":31,"column":19}},"loc":{"start":{"line":31,"column":24},"end":{"line":58,"column":3}},"line":31},"3":{"name":"(anonymous_3)","decl":{"start":{"line":43,"column":12},"end":{"line":43,"column":13}},"loc":{"start":{"line":43,"column":21},"end":{"line":50,"column":44}},"line":43},"4":{"name":"(anonymous_4)","decl":{"start":{"line":51,"column":13},"end":{"line":51,"column":14}},"loc":{"start":{"line":51,"column":21},"end":{"line":55,"column":7}},"line":51},"5":{"name":"(anonymous_5)","decl":{"start":{"line":60,"column":2},"end":{"line":60,"column":3}},"loc":{"start":{"line":60,"column":11},"end":{"line":114,"column":3}},"line":60},"6":{"name":"(anonymous_6)","decl":{"start":{"line":84,"column":24},"end":{"line":84,"column":25}},"loc":{"start":{"line":84,"column":33},"end":{"line":84,"column":69}},"line":84},"7":{"name":"(anonymous_7)","decl":{"start":{"line":92,"column":24},"end":{"line":92,"column":25}},"loc":{"start":{"line":92,"column":33},"end":{"line":92,"column":63}},"line":92},"8":{"name":"(anonymous_8)","decl":{"start":{"line":100,"column":24},"end":{"line":100,"column":25}},"loc":{"start":{"line":100,"column":33},"end":{"line":100,"column":66}},"line":100},"9":{"name":"(anonymous_9)","decl":{"start":{"line":105,"column":58},"end":{"line":105,"column":59}},"loc":{"start":{"line":105,"column":64},"end":{"line":105,"column":84}},"line":105},"10":{"name":"(anonymous_10)","decl":{"start":{"line":106,"column":53},"end":{"line":106,"column":54}},"loc":{"start":{"line":106,"column":59},"end":{"line":106,"column":79}},"line":106},"11":{"name":"(anonymous_11)","decl":{"start":{"line":108,"column":80},"end":{"line":108,"column":81}},"loc":{"start":{"line":108,"column":86},"end":{"line":108,"column":125}},"line":108}},"branchMap":{"0":{"loc":{"start":{"line":33,"column":4},"end":{"line":57,"column":5}},"type":"if","locations":[{"start":{"line":33,"column":4},"end":{"line":57,"column":5}},{"start":{"line":33,"column":4},"end":{"line":57,"column":5}}],"line":33},"1":{"loc":{"start":{"line":33,"column":7},"end":{"line":33,"column":93}},"type":"binary-expr","locations":[{"start":{"line":33,"column":7},"end":{"line":33,"column":30}},{"start":{"line":33,"column":34},"end":{"line":33,"column":60}},{"start":{"line":33,"column":64},"end":{"line":33,"column":93}}],"line":33},"2":{"loc":{"start":{"line":36,"column":9},"end":{"line":57,"column":5}},"type":"if","locations":[{"start":{"line":36,"column":9},"end":{"line":57,"column":5}},{"start":{"line":36,"column":9},"end":{"line":57,"column":5}}],"line":36},"3":{"loc":{"start":{"line":36,"column":12},"end":{"line":36,"column":79}},"type":"binary-expr","locations":[{"start":{"line":36,"column":12},"end":{"line":36,"column":42}},{"start":{"line":36,"column":46},"end":{"line":36,"column":79}}],"line":36},"4":{"loc":{"start":{"line":62,"column":4},"end":{"line":68,"column":5}},"type":"if","locations":[{"start":{"line":62,"column":4},"end":{"line":68,"column":5}},{"start":{"line":62,"column":4},"end":{"line":68,"column":5}}],"line":62}},"s":{"0":16,"1":16,"2":16,"3":24,"4":24,"5":24,"6":16,"7":11,"8":6,"9":5,"10":2,"11":3,"12":3,"13":3,"14":0,"15":0,"16":0,"17":0,"18":0,"19":3,"20":3,"21":0,"22":46,"23":3,"24":43,"25":8,"26":8,"27":8,"28":11,"29":0,"30":1},"f":{"0":16,"1":24,"2":11,"3":3,"4":3,"5":46,"6":8,"7":8,"8":8,"9":11,"10":0,"11":1},"b":{"0":[6,5],"1":[11,8,6],"2":[2,3],"3":[5,4],"4":[3,43]},"_coverageSchema":"1a1c01bbd47fc00a2c39e90264f33305004495a9","hash":"0a0ba6403ac17d1d320d00b31dae1f7cfaf9af65"}
,"C:\\Users\\Sadiy\\OneDrive\\Documents\\rn-classifier-app\\src\\database\\Firebase.js": {"path":"C:\\Users\\Sadiy\\OneDrive\\Documents\\rn-classifier-app\\src\\database\\Firebase.js","statementMap":{"0":{"start":{"line":7,"column":23},"end":{"line":15,"column":3}},"1":{"start":{"line":17,"column":0},"end":{"line":17,"column":39}}},"fnMap":{},"branchMap":{},"s":{"0":4,"1":4},"f":{},"b":{},"_coverageSchema":"1a1c01bbd47fc00a2c39e90264f33305004495a9","hash":"f91701dc82659df214f958ba44973683c131d936"}
,"C:\\Users\\Sadiy\\OneDrive\\Documents\\rn-classifier-app\\src\\styles\\stylesheet.js": {"path":"C:\\Users\\Sadiy\\OneDrive\\Documents\\rn-classifier-app\\src\\styles\\stylesheet.js","statementMap":{},"fnMap":{},"branchMap":{},"s":{},"f":{},"b":{},"_coverageSchema":"1a1c01bbd47fc00a2c39e90264f33305004495a9","hash":"c2a763ed5802763efdf2408928fe1608777c703d"}
}
