TN:
SF:src\assets\recycle-leaf.png
FNF:0
FNH:0
DA:1,4
LF:1
LH:1
BRF:0
BRH:0
end_of_record
TN:
SF:src\containers\screens\ClassifierScreen.js
FN:25,(anonymous_0)
FN:42,(anonymous_1)
FN:52,(anonymous_2)
FN:71,(anonymous_3)
FN:72,(anonymous_4)
FN:73,(anonymous_5)
FN:74,(anonymous_6)
FN:78,(anonymous_7)
FN:90,(anonymous_8)
FN:100,(anonymous_9)
FN:116,(anonymous_10)
FN:137,(anonymous_11)
FN:145,(anonymous_12)
FN:149,(anonymous_13)
FN:205,(anonymous_14)
FN:206,(anonymous_15)
FNF:16
FNH:8
FNDA:11,(anonymous_0)
FNDA:0,(anonymous_1)
FNDA:1,(anonymous_2)
FNDA:1,(anonymous_3)
FNDA:6,(anonymous_4)
FNDA:5,(anonymous_5)
FNDA:6,(anonymous_6)
FNDA:0,(anonymous_7)
FNDA:0,(anonymous_8)
FNDA:0,(anonymous_9)
FNDA:0,(anonymous_10)
FNDA:0,(anonymous_11)
FNDA:1,(anonymous_12)
FNDA:30,(anonymous_13)
FNDA:0,(anonymous_14)
FNDA:0,(anonymous_15)
DA:16,11
DA:27,11
DA:28,11
DA:29,11
DA:32,11
DA:33,11
DA:34,10
DA:36,0
DA:37,0
DA:38,0
DA:42,11
DA:43,0
DA:44,0
DA:45,0
DA:46,0
DA:52,11
DA:53,1
DA:54,1
DA:55,1
DA:60,0
DA:61,0
DA:62,0
DA:63,0
DA:65,1
DA:66,1
DA:72,6
DA:73,5
DA:74,6
DA:80,0
DA:82,0
DA:83,0
DA:84,0
DA:85,0
DA:91,0
DA:93,0
DA:95,0
DA:101,0
DA:102,0
DA:103,0
DA:104,0
DA:105,0
DA:106,0
DA:107,0
DA:108,0
DA:109,0
DA:111,0
DA:112,0
DA:116,11
DA:117,0
DA:118,0
DA:123,0
DA:124,0
DA:125,0
DA:128,0
DA:131,0
DA:132,0
DA:138,0
DA:139,0
DA:140,0
DA:145,11
DA:146,1
DA:150,30
DA:152,30
DA:205,0
DA:206,0
DA:214,1
LF:66
LH:23
BRDA:43,0,0,0
BRDA:43,0,1,0
BRDA:45,1,0,0
BRDA:45,1,1,0
BRDA:123,2,0,0
BRDA:123,2,1,0
BRDA:164,3,0,15
BRDA:164,3,1,15
BRDA:166,4,0,30
BRDA:166,4,1,2
BRDA:168,5,0,15
BRDA:168,5,1,15
BRDA:173,6,0,30
BRDA:173,6,1,15
BRDA:173,6,2,13
BRDA:181,7,0,30
BRDA:181,7,1,28
BRDA:186,8,0,30
BRDA:186,8,1,15
BRDA:186,8,2,2
BRDA:188,9,0,2
BRDA:188,9,1,0
BRDA:192,10,0,30
BRDA:192,10,1,15
BRDA:192,10,2,15
BRDA:192,10,3,0
BRF:26
BRH:18
end_of_record
TN:
SF:src\containers\screens\ProfileScreen.js
FN:11,(anonymous_0)
FN:19,(anonymous_1)
FN:20,(anonymous_2)
FN:23,(anonymous_3)
FN:26,(anonymous_4)
FN:52,(anonymous_5)
FN:55,(anonymous_6)
FN:56,(anonymous_7)
FNF:8
FNH:6
FNDA:6,(anonymous_0)
FNDA:1,(anonymous_1)
FNDA:1,(anonymous_2)
FNDA:0,(anonymous_3)
FNDA:6,(anonymous_4)
FNDA:1,(anonymous_5)
FNDA:1,(anonymous_6)
FNDA:0,(anonymous_7)
DA:12,6
DA:13,6
DA:19,6
DA:20,1
DA:21,1
DA:23,0
DA:27,6
DA:32,6
DA:52,1
DA:55,1
DA:56,0
LF:11
LH:9
BRF:0
BRH:0
end_of_record
TN:
SF:src\containers\screens\ResetPasswordScreen.js
FN:12,(anonymous_0)
FN:20,(anonymous_1)
FN:25,(anonymous_2)
FN:28,(anonymous_3)
FN:34,(anonymous_4)
FN:47,(anonymous_5)
FNF:6
FNH:5
FNDA:4,(anonymous_0)
FNDA:2,(anonymous_1)
FNDA:1,(anonymous_2)
FNDA:0,(anonymous_3)
FNDA:6,(anonymous_4)
FNDA:1,(anonymous_5)
DA:13,4
DA:14,4
DA:20,4
DA:21,2
DA:22,1
DA:24,1
DA:26,1
DA:27,1
DA:29,0
DA:35,6
DA:47,1
LF:11
LH:10
BRDA:21,0,0,1
BRDA:21,0,1,1
BRF:2
BRH:2
end_of_record
TN:
SF:src\containers\screens\SignInScreen.js
FN:11,(anonymous_0)
FN:22,(anonymous_1)
FN:30,(anonymous_2)
FN:37,(anonymous_3)
FN:42,(anonymous_4)
FN:52,(anonymous_5)
FN:77,(anonymous_6)
FN:85,(anonymous_7)
FN:90,(anonymous_8)
FN:91,(anonymous_9)
FN:93,(anonymous_10)
FN:96,(anonymous_11)
FNF:12
FNH:10
FNDA:10,(anonymous_0)
FNDA:6,(anonymous_1)
FNDA:5,(anonymous_2)
FNDA:2,(anonymous_3)
FNDA:0,(anonymous_4)
FNDA:20,(anonymous_5)
FNDA:3,(anonymous_6)
FNDA:3,(anonymous_7)
FNDA:5,(anonymous_8)
FNDA:0,(anonymous_9)
FNDA:1,(anonymous_10)
FNDA:1,(anonymous_11)
DA:12,10
DA:13,10
DA:22,10
DA:23,6
DA:24,6
DA:25,6
DA:30,10
DA:31,5
DA:32,3
DA:34,2
DA:36,2
DA:38,2
DA:39,2
DA:40,2
DA:44,0
DA:45,0
DA:46,0
DA:54,20
DA:55,2
DA:63,18
DA:77,3
DA:85,3
DA:90,5
DA:91,0
DA:93,1
DA:96,1
LF:26
LH:22
BRDA:31,0,0,3
BRDA:31,0,1,2
BRDA:31,1,0,5
BRDA:31,1,1,3
BRDA:54,2,0,2
BRDA:54,2,1,18
BRF:6
BRH:6
end_of_record
TN:
SF:src\containers\screens\SignUpScreen.js
FN:11,(anonymous_0)
FN:23,(anonymous_1)
FN:31,(anonymous_2)
FN:43,(anonymous_3)
FN:51,(anonymous_4)
FN:60,(anonymous_5)
FN:84,(anonymous_6)
FN:92,(anonymous_7)
FN:100,(anonymous_8)
FN:105,(anonymous_9)
FN:106,(anonymous_10)
FN:108,(anonymous_11)
FNF:12
FNH:11
FNDA:16,(anonymous_0)
FNDA:24,(anonymous_1)
FNDA:11,(anonymous_2)
FNDA:3,(anonymous_3)
FNDA:3,(anonymous_4)
FNDA:46,(anonymous_5)
FNDA:8,(anonymous_6)
FNDA:8,(anonymous_7)
FNDA:8,(anonymous_8)
FNDA:11,(anonymous_9)
FNDA:0,(anonymous_10)
FNDA:1,(anonymous_11)
DA:12,16
DA:13,16
DA:23,16
DA:24,24
DA:25,24
DA:26,24
DA:31,16
DA:33,11
DA:34,6
DA:36,5
DA:37,2
DA:40,3
DA:42,3
DA:44,3
DA:45,0
DA:46,0
DA:47,0
DA:49,0
DA:50,0
DA:52,3
DA:53,3
DA:54,0
DA:62,46
DA:63,3
DA:70,43
DA:84,8
DA:92,8
DA:100,8
DA:105,11
DA:106,0
DA:108,1
LF:31
LH:24
BRDA:33,0,0,6
BRDA:33,0,1,5
BRDA:33,1,0,11
BRDA:33,1,1,8
BRDA:33,1,2,6
BRDA:36,2,0,2
BRDA:36,2,1,3
BRDA:36,3,0,5
BRDA:36,3,1,4
BRDA:62,4,0,3
BRDA:62,4,1,43
BRF:11
BRH:11
end_of_record
TN:
SF:src\database\Firebase.js
FNF:0
FNH:0
DA:7,4
DA:17,4
LF:2
LH:2
BRF:0
BRH:0
end_of_record
TN:
SF:src\styles\stylesheet.js
FNF:0
FNH:0
LF:0
LH:0
BRF:0
BRH:0
end_of_record
